f:\workspace\cppstation\xengine\xengine\vendor\glfw\bin\debug-windows-x86_64\glfw\glfw.pdb
f:\workspace\cppstation\xengine\xengine\vendor\glfw\bin\debug-windows-x86_64\glfw\glfw.idb
f:\workspace\cppstation\xengine\xengine\vendor\glfw\bin-int\debug-windows-x86_64\glfw\win32_window.obj
f:\workspace\cppstation\xengine\xengine\vendor\glfw\bin-int\debug-windows-x86_64\glfw\win32_time.obj
f:\workspace\cppstation\xengine\xengine\vendor\glfw\bin-int\debug-windows-x86_64\glfw\win32_thread.obj
f:\workspace\cppstation\xengine\xengine\vendor\glfw\bin-int\debug-windows-x86_64\glfw\win32_monitor.obj
f:\workspace\cppstation\xengine\xengine\vendor\glfw\bin-int\debug-windows-x86_64\glfw\win32_module.obj
f:\workspace\cppstation\xengine\xengine\vendor\glfw\bin-int\debug-windows-x86_64\glfw\win32_joystick.obj
f:\workspace\cppstation\xengine\xengine\vendor\glfw\bin-int\debug-windows-x86_64\glfw\win32_init.obj
f:\workspace\cppstation\xengine\xengine\vendor\glfw\bin-int\debug-windows-x86_64\glfw\wgl_context.obj
f:\workspace\cppstation\xengine\xengine\vendor\glfw\bin-int\debug-windows-x86_64\glfw\vulkan.obj
f:\workspace\cppstation\xengine\xengine\vendor\glfw\bin-int\debug-windows-x86_64\glfw\platform.obj
f:\workspace\cppstation\xengine\xengine\vendor\glfw\bin-int\debug-windows-x86_64\glfw\osmesa_context.obj
f:\workspace\cppstation\xengine\xengine\vendor\glfw\bin-int\debug-windows-x86_64\glfw\null_window.obj
f:\workspace\cppstation\xengine\xengine\vendor\glfw\bin-int\debug-windows-x86_64\glfw\null_monitor.obj
f:\workspace\cppstation\xengine\xengine\vendor\glfw\bin-int\debug-windows-x86_64\glfw\null_joystick.obj
f:\workspace\cppstation\xengine\xengine\vendor\glfw\bin-int\debug-windows-x86_64\glfw\null_init.obj
f:\workspace\cppstation\xengine\xengine\vendor\glfw\bin-int\debug-windows-x86_64\glfw\monitor.obj
f:\workspace\cppstation\xengine\xengine\vendor\glfw\bin-int\debug-windows-x86_64\glfw\input.obj
f:\workspace\cppstation\xengine\xengine\vendor\glfw\bin-int\debug-windows-x86_64\glfw\init.obj
f:\workspace\cppstation\xengine\xengine\vendor\glfw\bin-int\debug-windows-x86_64\glfw\egl_context.obj
f:\workspace\cppstation\xengine\xengine\vendor\glfw\bin-int\debug-windows-x86_64\glfw\context.obj
f:\workspace\cppstation\xengine\xengine\vendor\glfw\bin-int\debug-windows-x86_64\glfw\window.obj
f:\workspace\cppstation\xengine\xengine\vendor\glfw\bin\debug-windows-x86_64\glfw\glfw.lib
f:\workspace\cppstation\xengine\xengine\vendor\glfw\bin-int\debug-windows-x86_64\glfw\glfw.vcxproj.filelistabsolute.txt
f:\workspace\cppstation\xengine\xengine\vendor\glfw\bin-int\debug-windows-x86_64\glfw\glfw.tlog\cl.command.1.tlog
f:\workspace\cppstation\xengine\xengine\vendor\glfw\bin-int\debug-windows-x86_64\glfw\glfw.tlog\cl.items.tlog
f:\workspace\cppstation\xengine\xengine\vendor\glfw\bin-int\debug-windows-x86_64\glfw\glfw.tlog\cl.read.1.tlog
f:\workspace\cppstation\xengine\xengine\vendor\glfw\bin-int\debug-windows-x86_64\glfw\glfw.tlog\cl.write.1.tlog
f:\workspace\cppstation\xengine\xengine\vendor\glfw\bin-int\debug-windows-x86_64\glfw\glfw.tlog\lib-link.read.1.tlog
f:\workspace\cppstation\xengine\xengine\vendor\glfw\bin-int\debug-windows-x86_64\glfw\glfw.tlog\lib-link.write.1.tlog
f:\workspace\cppstation\xengine\xengine\vendor\glfw\bin-int\debug-windows-x86_64\glfw\glfw.tlog\lib.command.1.tlog
